1514519303909	geckodriver	INFO	geckodriver 0.19.1
1514519303921	geckodriver	INFO	Listening on 127.0.0.1:52239
1514519305983	mozrunner::runner	INFO	Running command: "C:\\Program Files (x86)\\Mozilla Firefox\\firefox.exe" "-marionette" "-profile" "C:\\Users\\zpc\\AppData\\Local\\Temp\\rust_mozprofile.y2EEysAmUVjs"
1514519307032	Marionette	INFO	Enabled via --marionette
Unable to read VR Path Registry from C:\Users\zpc\AppData\Local\openvr\openvrpaths.vrpath
[Child 26284, Chrome_ChildThread] WARNING: pipe error: 109: file z:/build/build/src/ipc/chromium/src/chrome/common/ipc_channel_win.cc, line 346
[Child 26284, Chrome_ChildThread] WARNING: pipe error: 109: file z:/build/build/src/ipc/chromium/src/chrome/common/ipc_channel_win.cc, line 346
1514519308496	Marionette	INFO	Listening on port 52254
1514519309133	Marionette	WARN	TLS certificate errors will be ignored for this session
1514519309186	Marionette	DEBUG	Register listener.js for window 4294967297
1514519309199	Marionette	DEBUG	Received DOM event "beforeunload" for "about:blank"
1514519309280	Marionette	DEBUG	Received DOM event "pagehide" for "about:blank"
1514519309280	Marionette	DEBUG	Received DOM event "unload" for "about:blank"
1514519309606	Marionette	DEBUG	Received DOM event "DOMContentLoaded" for "http://beta12.pospal.cn/account/register"
1514519309800	Marionette	DEBUG	Received DOM event "pageshow" for "http://beta12.pospal.cn/account/register"
Unable to read VR Path Registry from C:\Users\zpc\AppData\Local\openvr\openvrpaths.vrpath
[Parent 7964, Gecko_IOThread] WARNING: pipe error: 109: file z:/build/build/src/ipc/chromium/src/chrome/common/ipc_channel_win.cc, line 346
Unable to read VR Path Registry from C:\Users\zpc\AppData\Local\openvr\openvrpaths.vrpath
[Child 20916, Chrome_ChildThread] WARNING: pipe error: 109: file z:/build/build/src/ipc/chromium/src/chrome/common/ipc_channel_win.cc, line 346
*** UTM:SVC TimerManager:registerTimer called after profile-before-change notification. Ignoring timer registration for id: telemetry_modules_ping

###!!! [Child][MessageChannel::SendAndWait] Error: Channel error: cannot send/recv

